<?xml version="1.0" encoding="UTF-8"?>
<persistence xmlns="http://xmlns.jcp.org/xml/ns/persistence"
             xmlns:xsi="http://www.w3.org/2001/XMLSchema-instance" version="2.1"
             xsi:schemaLocation="http://xmlns.jcp.org/xml/ns/persistence ">
    <persistence-unit name="Calc">
        <jta-data-source>java:app/jdbc/Calc</jta-data-source>
        <shared-cache-mode>ALL</shared-cache-mode>
        <properties>
            <property name="javax.persistence.schema-generation.database.action" value="create"/>
            <property name="eclipselink.logging.level" value="FINEST" />
        </properties>
    </persistence-unit>
</persistence>